TN:
SF:src\controller\userController.ts
FN:9,UserController
FN:13,UserController.signup
FN:26,UserController.login
FN:38,UserController.getAllUsers
FN:50,UserController.getUserById
FN:63,UserController.changePassword
FN:78,UserController.followUser
FN:94,UserController.unfollowUser
FN:110,UserController.getAllFollows
FN:122,UserController.getFeed
FNF:10
FNH:10
FNDA:9,UserController
FNDA:1,UserController.signup
FNDA:1,UserController.login
FNDA:1,UserController.getAllUsers
FNDA:1,UserController.getUserById
FNDA:1,UserController.changePassword
FNDA:1,UserController.followUser
FNDA:1,UserController.unfollowUser
FNDA:1,UserController.getAllFollows
FNDA:1,UserController.getFeed
DA:1,1
DA:2,1
DA:3,1
DA:4,1
DA:5,1
DA:6,1
DA:7,1
DA:8,1
DA:9,1
DA:10,9
DA:11,1
DA:12,1
DA:13,1
DA:14,1
DA:15,1
DA:16,1
DA:17,1
DA:18,1
DA:19,1
DA:20,1
DA:21,0
DA:22,0
DA:23,0
DA:24,1
DA:25,1
DA:26,1
DA:27,1
DA:28,1
DA:29,1
DA:30,1
DA:31,1
DA:32,1
DA:33,0
DA:34,0
DA:35,0
DA:36,1
DA:37,1
DA:38,1
DA:39,1
DA:40,1
DA:41,1
DA:42,1
DA:43,1
DA:44,1
DA:45,0
DA:46,0
DA:47,0
DA:48,1
DA:49,1
DA:50,1
DA:51,1
DA:52,1
DA:53,1
DA:54,1
DA:55,1
DA:56,1
DA:57,1
DA:58,0
DA:59,0
DA:60,0
DA:61,1
DA:62,1
DA:63,1
DA:64,1
DA:65,1
DA:66,1
DA:67,1
DA:68,1
DA:69,1
DA:70,1
DA:71,1
DA:72,0
DA:73,0
DA:74,0
DA:75,1
DA:76,1
DA:77,1
DA:78,1
DA:79,1
DA:80,1
DA:81,1
DA:82,1
DA:83,1
DA:84,1
DA:85,1
DA:86,0
DA:87,0
DA:88,0
DA:89,0
DA:90,0
DA:91,0
DA:92,1
DA:93,1
DA:94,1
DA:95,1
DA:96,1
DA:97,1
DA:98,1
DA:99,1
DA:100,1
DA:101,1
DA:102,0
DA:103,0
DA:104,0
DA:105,0
DA:106,0
DA:107,0
DA:108,1
DA:109,1
DA:110,1
DA:111,1
DA:112,1
DA:113,1
DA:114,1
DA:115,1
DA:116,1
DA:117,0
DA:118,0
DA:119,0
DA:120,1
DA:121,1
DA:122,1
DA:123,1
DA:124,1
DA:125,1
DA:126,1
DA:127,1
DA:128,1
DA:129,0
DA:130,0
DA:131,0
DA:132,1
DA:133,1
LF:133
LH:100
BRDA:9,0,0,9
BRDA:13,1,0,1
BRDA:20,2,0,0
BRDA:26,3,0,1
BRDA:32,4,0,0
BRDA:38,5,0,1
BRDA:44,6,0,0
BRDA:50,7,0,1
BRDA:57,8,0,0
BRDA:63,9,0,1
BRDA:71,10,0,0
BRDA:78,11,0,1
BRDA:85,12,0,0
BRDA:94,13,0,1
BRDA:101,14,0,0
BRDA:110,15,0,1
BRDA:116,16,0,0
BRDA:122,17,0,1
BRDA:128,18,0,0
BRF:19
BRH:10
end_of_record
TN:
SF:src\services\authenticator.ts
FN:6,Authenticator
FN:7,Authenticator.generateToken
FN:17,Authenticator.getTokenData
FNF:3
FNH:3
FNDA:1,Authenticator
FNDA:1,Authenticator.generateToken
FNDA:2,Authenticator.getTokenData
DA:1,1
DA:2,1
DA:3,1
DA:4,1
DA:5,1
DA:6,1
DA:7,1
DA:8,1
DA:9,1
DA:10,1
DA:11,1
DA:12,1
DA:13,1
DA:14,1
DA:15,1
DA:16,1
DA:17,1
DA:18,2
DA:19,2
DA:20,2
DA:21,2
DA:22,2
DA:23,2
DA:24,2
DA:25,1
DA:26,1
DA:27,1
LF:27
LH:27
BRDA:6,0,0,1
BRDA:7,1,0,1
BRDA:17,2,0,2
BRF:3
BRH:3
end_of_record
TN:
SF:src\services\hashManager.ts
FN:3,HashManager
FN:5,HashManager.generateHash
FN:12,HashManager.compareHash
FNF:3
FNH:2
FNDA:1,HashManager
FNDA:1,HashManager.generateHash
FNDA:0,HashManager.compareHash
DA:1,1
DA:2,1
DA:3,1
DA:4,1
DA:5,1
DA:6,1
DA:7,1
DA:8,1
DA:9,1
DA:10,1
DA:11,1
DA:12,1
DA:13,0
DA:14,0
DA:15,1
DA:16,1
DA:17,1
LF:17
LH:15
BRDA:3,0,0,1
BRDA:5,1,0,1
BRF:2
BRH:2
end_of_record
