TN:
SF:src\services\authenticator.ts
FN:6,(anonymous_6)
FN:7,(anonymous_7)
FN:17,(anonymous_8)
FNF:3
FNH:3
FNDA:1,(anonymous_6)
FNDA:1,(anonymous_7)
FNDA:2,(anonymous_8)
DA:2,1
DA:7,1
DA:8,1
DA:14,1
DA:17,1
DA:18,2
DA:23,1
DA:27,1
LF:8
LH:8
BRF:0
BRH:0
end_of_record
TN:
SF:src\services\hashManager.ts
FN:3,(anonymous_13)
FN:5,(anonymous_14)
FN:5,(anonymous_15)
FN:13,(anonymous_16)
FN:13,(anonymous_17)
FNF:5
FNH:3
FNDA:1,(anonymous_13)
FNDA:1,(anonymous_14)
FNDA:1,(anonymous_15)
FNDA:0,(anonymous_16)
FNDA:0,(anonymous_17)
DA:1,1
DA:5,1
DA:6,1
DA:7,1
DA:8,1
DA:10,1
DA:13,1
DA:14,0
DA:18,1
LF:9
LH:8
BRF:0
BRH:0
end_of_record
